Build started 03.12.2012 15:34:31.
     1>Project "D:\Github workspace\guildNameGenerator\GuildNameGenerator\GuildNameGenerator.vcxproj" on node 2 (build target(s)).
     1>InitializeBuildStatus:
         Creating "Debug\GuildNameGenerator.unsuccessfulbuild" because "AlwaysCreate" was specified.
       ClCompile:
         d:\Visual Studio 2010 Professional\VC\bin\CL.exe /c /ZI /nologo /W3 /WX- /Od /Oy- /D _MBCS /Gm /EHsc /RTC1 /MDd /GS /fp:precise /Zc:wchar_t /Zc:forScope /Fo"Debug\\" /Fd"Debug\vc100.pdb" /Gd /TP /analyze- /errorReport:prompt GuildNameGenerator.cpp
         GuildNameGenerator.cpp
     1>d:\github workspace\guildnamegenerator\guildnamegenerator\guildnamegenerator.cpp(18): warning C4244: 'argument' : conversion from 'time_t' to 'unsigned int', possible loss of data
       Link:
         d:\Visual Studio 2010 Professional\VC\bin\link.exe /ERRORREPORT:PROMPT /OUT:"D:\Github workspace\guildNameGenerator\Debug\GuildNameGenerator.exe" /NOLOGO kernel32.lib user32.lib gdi32.lib winspool.lib comdlg32.lib advapi32.lib shell32.lib ole32.lib oleaut32.lib uuid.lib odbc32.lib odbccp32.lib /MANIFEST /ManifestFile:"Debug\GuildNameGenerator.exe.intermediate.manifest" /MANIFESTUAC:"level='asInvoker' uiAccess='false'" /DEBUG /PDB:"D:\Github workspace\guildNameGenerator\Debug\GuildNameGenerator.pdb" /TLBID:1 /DYNAMICBASE /NXCOMPAT /IMPLIB:"D:\Github workspace\guildNameGenerator\Debug\GuildNameGenerator.lib" /MACHINE:X86 Debug\GuildNameGenerator.obj
         LINK : D:\Github workspace\guildNameGenerator\Debug\GuildNameGenerator.exe not found or not built by the last incremental link; performing full link
         GuildNameGenerator.vcxproj -> D:\Github workspace\guildNameGenerator\Debug\GuildNameGenerator.exe
       Manifest:
         C:\Program Files (x86)\Microsoft SDKs\Windows\v7.0A\bin\mt.exe /nologo /verbose /outputresource:"D:\Github workspace\guildNameGenerator\Debug\GuildNameGenerator.exe;#1" /manifest Debug\GuildNameGenerator.exe.intermediate.manifest
       FinalizeBuildStatus:
         Deleting file "Debug\GuildNameGenerator.unsuccessfulbuild".
         Touching "Debug\GuildNameGenerator.lastbuildstate".
     1>Done Building Project "D:\Github workspace\guildNameGenerator\GuildNameGenerator\GuildNameGenerator.vcxproj" (build target(s)).

Build succeeded.

Time Elapsed 00:00:01.50
